#
# A fatal error has been detected by the Java Runtime Environment:
#
#  EXCEPTION_ACCESS_VIOLATION (0xc0000005) at pc=0x00000000651de01a, pid=10264, tid=0x0000000000002ca8
#
# JRE version: OpenJDK Runtime Environment (8.0_242-b01) (build 1.8.0_242-release-1644-b01)
# Java VM: OpenJDK 64-Bit Server VM (25.242-b01 mixed mode windows-amd64 compressed oops)
# Problematic frame:
# V  [jvm.dll+0x4be01a]
#
# Failed to write core dump. Minidumps are not enabled by default on client versions of Windows
#
# If you would like to submit a bug report, please visit:
#   
#

---------------  T H R E A D  ---------------

Current thread (0x0000000017dc8000):  JavaThread "C2 CompilerThread2" daemon [_thread_in_native, id=11432, stack(0x0000000019620000,0x0000000019720000)]

siginfo: ExceptionCode=0xc0000005, reading address 0x0000000000000008

Registers:
RAX=0x000000001f092df8, RBX=0x000000001971d3d0, RCX=0x0000000000000000, RDX=0x0000000000000003
RSP=0x000000001971d090, RBP=0x000000001f08eb70, RSI=0x000000001f090ce0, RDI=0x000000001971d3d0
R8 =0x000000001f092e48, R9 =0x0000000000000000, R10=0x000000001f092df8, R11=0x000000001f093e70
R12=0x000000001f090d60, R13=0x000000001f090de0, R14=0x0000000000000001, R15=0x0000000017e10aa0
RIP=0x00000000651de01a, EFLAGS=0x0000000000010206

Top of Stack: (sp=0x000000001971d090)
0x000000001971d090:   0000000065358900 0000000017e10aa0
0x000000001971d0a0:   000000001971ea78 00000000651e80b8
0x000000001971d0b0:   000000001971d3d0 00000000651806a8
0x000000001971d0c0:   000000001971d3d0 0000000000000004
0x000000001971d0d0:   0000000017e10aa0 000000001971d3d0
0x000000001971d0e0:   000000001971d3d0 00000000651a9769
0x000000001971d0f0:   000000001f093898 000000001f08eb70
0x000000001971d100:   000000001f090ce0 0000000000000002
0x000000001971d110:   000000001f08edc0 000000001f482648
0x000000001971d120:   000000001f090680 000000001f482600
0x000000001971d130:   000000001f092230 000000001f090a01
0x000000001971d140:   000000001f0919c0 000000001f08dfa8
0x000000001971d150:   0000000017dc2430 0000000000000000
0x000000001971d160:   000000001f08eb70 000000001f08e980
0x000000001971d170:   000000001f090680 0000000000000000
0x000000001971d180:   000000001f485058 000000001971d3d0 

Instructions: (pc=0x00000000651de01a)
0x00000000651ddffa:   24 30 48 8b 5c 24 40 48 8b 7c 24 48 48 83 c4 20
0x00000000651de00a:   41 5c c3 cc cc cc 48 89 5c 24 08 57 48 83 ec 20
0x00000000651de01a:   48 8b 41 08 48 8b d9 3b 51 18 73 08 8b d2 48 8b
0x00000000651de02a:   3c d0 eb 04 48 8b 78 08 8b 0d e0 97 2b 00 ff 15 


Register to memory mapping:

RAX=0x000000001f092df8 is an unknown value
RBX=0x000000001971d3d0 is pointing into the stack for thread: 0x0000000017dc8000
RCX=0x0000000000000000 is an unknown value
RDX=0x0000000000000003 is an unknown value
RSP=0x000000001971d090 is pointing into the stack for thread: 0x0000000017dc8000
RBP=0x000000001f08eb70 is an unknown value
RSI=0x000000001f090ce0 is an unknown value
RDI=0x000000001971d3d0 is pointing into the stack for thread: 0x0000000017dc8000
R8 =0x000000001f092e48 is an unknown value
R9 =0x0000000000000000 is an unknown value
R10=0x000000001f092df8 is an unknown value
R11=0x000000001f093e70 is an unknown value
R12=0x000000001f090d60 is an unknown value
R13=0x000000001f090de0 is an unknown value
R14=0x0000000000000001 is an unknown value
R15=0x0000000017e10aa0 is an unknown value


Stack: [0x0000000019620000,0x0000000019720000],  sp=0x000000001971d090,  free space=1012k
Native frames: (J=compiled Java code, j=interpreted, Vv=VM code, C=native code)
V  [jvm.dll+0x4be01a]
V  [jvm.dll+0x4606a8]
V  [jvm.dll+0x489769]
V  [jvm.dll+0x48acb7]
V  [jvm.dll+0x48b0c4]
V  [jvm.dll+0x48c540]
V  [jvm.dll+0x451006]
V  [jvm.dll+0x4dba6d]
V  [jvm.dll+0x4d4567]
V  [jvm.dll+0x4d48e9]
V  [jvm.dll+0x4d4e7f]
V  [jvm.dll+0x42bfd0]
V  [jvm.dll+0x451006]
V  [jvm.dll+0x4dba6d]
V  [jvm.dll+0x4d4567]
V  [jvm.dll+0x4d48e9]
V  [jvm.dll+0x4d4e7f]
V  [jvm.dll+0x42bfd0]
V  [jvm.dll+0x447cde]
V  [jvm.dll+0x42b072]
V  [jvm.dll+0x8230f]
V  [jvm.dll+0x82c7f]
V  [jvm.dll+0x220b7f]
V  [jvm.dll+0x27276a]
C  [msvcr100.dll+0x21d9f]
C  [msvcr100.dll+0x21e3b]
C  [KERNEL32.DLL+0x17034]
C  [ntdll.dll+0x52651]


Current CompileTask:
C2:   2304 1746  s    4       java.lang.StringBuffer::toString (36 bytes)


---------------  P R O C E S S  ---------------

Java Threads: ( => current thread )
  0x000000001b9b8000 JavaThread "Cache worker for file hash cache (C:\Users\Jacinto\Downloads\mobile_store_management\android\.gradle\6.7\fileHashes)" [_thread_blocked, id=156, stack(0x000000001ff10000,0x0000000020010000)]
  0x000000001b9b7800 JavaThread "Cache worker for journal cache (C:\Users\Jacinto\.gradle\caches\journal-1)" [_thread_blocked, id=5268, stack(0x000000001db40000,0x000000001dc40000)]
  0x000000001b9be000 JavaThread "File lock request listener" [_thread_in_native, id=5696, stack(0x000000001da40000,0x000000001db40000)]
  0x0000000017ee2000 JavaThread "Cache worker for file hash cache (C:\Users\Jacinto\.gradle\caches\6.7\fileHashes)" [_thread_blocked, id=13952, stack(0x000000001d940000,0x000000001da40000)]
  0x000000001b974000 JavaThread "Thread-9" [_thread_blocked, id=14144, stack(0x000000001d640000,0x000000001d740000)]
  0x000000001b968000 JavaThread "Stdin handler" [_thread_blocked, id=16168, stack(0x000000001d540000,0x000000001d640000)]
  0x000000001b9da000 JavaThread "Asynchronous log dispatcher for DefaultDaemonConnection: socket connection from /127.0.0.1:61214 to /127.0.0.1:61215" [_thread_blocked, id=15808, stack(0x000000001d440000,0x000000001d540000)]
  0x000000001b9d7000 JavaThread "Daemon worker" [_thread_in_vm, id=18780, stack(0x000000001d340000,0x000000001d440000)]
  0x000000001b9d5800 JavaThread "Cancel handler" [_thread_blocked, id=6932, stack(0x000000001d240000,0x000000001d340000)]
  0x000000001b9ce000 JavaThread "Handler for socket connection from /127.0.0.1:61214 to /127.0.0.1:61215" [_thread_in_native, id=5724, stack(0x000000001d140000,0x000000001d240000)]
  0x000000001b9c2800 JavaThread "Daemon" [_thread_blocked, id=18844, stack(0x000000001cd40000,0x000000001ce40000)]
  0x000000001b9de000 JavaThread "Daemon periodic checks" [_thread_blocked, id=16864, stack(0x000000001cc40000,0x000000001cd40000)]
  0x000000001b93c000 JavaThread "Incoming local TCP Connector on port 61214" [_thread_in_native, id=8724, stack(0x000000001ca00000,0x000000001cb00000)]
  0x000000001b872800 JavaThread "Daemon health stats" [_thread_blocked, id=16176, stack(0x000000001c1c0000,0x000000001c2c0000)]
  0x0000000017e3b800 JavaThread "Service Thread" daemon [_thread_blocked, id=18028, stack(0x0000000019820000,0x0000000019920000)]
  0x0000000017dc9000 JavaThread "C1 CompilerThread3" daemon [_thread_blocked, id=19024, stack(0x0000000019720000,0x0000000019820000)]
=>0x0000000017dc8000 JavaThread "C2 CompilerThread2" daemon [_thread_in_native, id=11432, stack(0x0000000019620000,0x0000000019720000)]
  0x0000000017dc1800 JavaThread "C2 CompilerThread1" daemon [_thread_in_native, id=14584, stack(0x0000000019520000,0x0000000019620000)]
  0x0000000017dbf800 JavaThread "C2 CompilerThread0" daemon [_thread_blocked, id=14544, stack(0x0000000019420000,0x0000000019520000)]
  0x0000000017dbd800 JavaThread "Attach Listener" daemon [_thread_blocked, id=9872, stack(0x0000000019320000,0x0000000019420000)]
  0x0000000017dbc800 JavaThread "Signal Dispatcher" daemon [_thread_blocked, id=1604, stack(0x0000000019220000,0x0000000019320000)]
  0x000000000270b000 JavaThread "Finalizer" daemon [_thread_blocked, id=240, stack(0x0000000019020000,0x0000000019120000)]
  0x00000000166cc800 JavaThread "Reference Handler" daemon [_thread_blocked, id=13432, stack(0x0000000018f20000,0x0000000019020000)]
  0x0000000002612800 JavaThread "main" [_thread_blocked, id=7140, stack(0x0000000002490000,0x0000000002590000)]

Other Threads:
  0x0000000017d82800 VMThread [stack: 0x0000000018e20000,0x0000000018f20000] [id=10352]
  0x0000000017e3d800 WatcherThread [stack: 0x0000000019920000,0x0000000019a20000] [id=12548]

VM state:not at safepoint (normal execution)

VM Mutex/Monitor currently owned by a thread: None

heap address: 0x00000000a0000000, size: 1536 MB, Compressed Oops mode: 32-bit
Narrow klass base: 0x0000000000000000, Narrow klass shift: 3
Compressed class space size: 1073741824 Address: 0x0000000100000000

Heap:
 PSYoungGen      total 76288K, used 21988K [0x00000000e0000000, 0x00000000e9500000, 0x0000000100000000)
  eden space 65536K, 17% used [0x00000000e0000000,0x00000000e0b00d68,0x00000000e4000000)
  from space 10752K, 99% used [0x00000000e4000000,0x00000000e4a783f0,0x00000000e4a80000)
  to   space 10752K, 0% used [0x00000000e8a80000,0x00000000e8a80000,0x00000000e9500000)
 ParOldGen       total 175104K, used 686K [0x00000000a0000000, 0x00000000aab00000, 0x00000000e0000000)
  object space 175104K, 0% used [0x00000000a0000000,0x00000000a00ab9b0,0x00000000aab00000)
 Metaspace       used 19819K, capacity 20494K, committed 20736K, reserved 1067008K
  class space    used 2835K, capacity 3011K, committed 3072K, reserved 1048576K

Card table byte_map: [0x0000000011ad0000,0x0000000011de0000] byte_map_base: 0x00000000115d0000

Marking Bits: (ParMarkBitMap*) 0x00000000654ef030
 Begin Bits: [0x00000000129e0000, 0x00000000141e0000)
 End Bits:   [0x00000000141e0000, 0x00000000159e0000)

Polling page: 0x00000000023d0000

CodeCache: size=245760Kb used=6509Kb max_used=6509Kb free=239250Kb
 bounds [0x0000000002710000, 0x0000000002d70000, 0x0000000011710000]
 total_blobs=2228 nmethods=1811 adapters=331
 compilation: enabled

Compilation events (10 events):
Event: 2.202 Thread 0x0000000017dc9000 nmethod 1741 0x0000000002d14010 code [0x0000000002d14180, 0x0000000002d142e8]
Event: 2.202 Thread 0x0000000017dc9000 1742       3       org.gradle.internal.service.DefaultServiceRegistry$ManagedObjectServiceProvider::requiredBy (20 bytes)
Event: 2.202 Thread 0x0000000017dc9000 nmethod 1742 0x0000000002d14390 code [0x0000000002d14520, 0x0000000002d14a48]
Event: 2.202 Thread 0x0000000017dc9000 1743       3       org.gradle.internal.service.DefaultServiceRegistry$ManagedObjectServiceProvider::fromSameRegistry (27 bytes)
Event: 2.202 Thread 0x0000000017dc9000 nmethod 1743 0x0000000002d14b90 code [0x0000000002d14d00, 0x0000000002d150d0]
Event: 2.204 Thread 0x0000000017dc9000 1744       3       java.util.jar.Attributes$Name::isValid (45 bytes)
Event: 2.204 Thread 0x0000000017dc9000 nmethod 1744 0x0000000002d15190 code [0x0000000002d15360, 0x0000000002d15ce8]
Event: 2.204 Thread 0x0000000017dc9000 1745       3       sun.nio.fs.WindowsPathParser::normalize (233 bytes)
Event: 2.207 Thread 0x0000000017dc9000 nmethod 1745 0x0000000002d16010 code [0x0000000002d165c0, 0x0000000002d1a3c8]
Event: 2.207 Thread 0x0000000017dc8000 1746  s    4       java.lang.StringBuffer::toString (36 bytes)

GC Heap History (5 events):
Event: 0.820 GC heap before
{Heap before GC invocations=1 (full 0):
 PSYoungGen      total 76288K, used 65536K [0x00000000e0000000, 0x00000000e5500000, 0x0000000100000000)
  eden space 65536K, 100% used [0x00000000e0000000,0x00000000e4000000,0x00000000e4000000)
  from space 10752K, 0% used [0x00000000e4a80000,0x00000000e4a80000,0x00000000e5500000)
  to   space 10752K, 0% used [0x00000000e4000000,0x00000000e4000000,0x00000000e4a80000)
 ParOldGen       total 175104K, used 0K [0x00000000a0000000, 0x00000000aab00000, 0x00000000e0000000)
  object space 175104K, 0% used [0x00000000a0000000,0x00000000a0000000,0x00000000aab00000)
 Metaspace       used 7687K, capacity 7966K, committed 8320K, reserved 1056768K
  class space    used 937K, capacity 1037K, committed 1152K, reserved 1048576K
Event: 0.825 GC heap after
Heap after GC invocations=1 (full 0):
 PSYoungGen      total 76288K, used 5941K [0x00000000e0000000, 0x00000000e5500000, 0x0000000100000000)
  eden space 65536K, 0% used [0x00000000e0000000,0x00000000e0000000,0x00000000e4000000)
  from space 10752K, 55% used [0x00000000e4000000,0x00000000e45cd7c8,0x00000000e4a80000)
  to   space 10752K, 0% used [0x00000000e4a80000,0x00000000e4a80000,0x00000000e5500000)
 ParOldGen       total 175104K, used 16K [0x00000000a0000000, 0x00000000aab00000, 0x00000000e0000000)
  object space 175104K, 0% used [0x00000000a0000000,0x00000000a0004000,0x00000000aab00000)
 Metaspace       used 7687K, capacity 7966K, committed 8320K, reserved 1056768K
  class space    used 937K, capacity 1037K, committed 1152K, reserved 1048576K
}
Event: 1.790 GC heap before
{Heap before GC invocations=2 (full 0):
 PSYoungGen      total 76288K, used 71477K [0x00000000e0000000, 0x00000000e5500000, 0x0000000100000000)
  eden space 65536K, 100% used [0x00000000e0000000,0x00000000e4000000,0x00000000e4000000)
  from space 10752K, 55% used [0x00000000e4000000,0x00000000e45cd7c8,0x00000000e4a80000)
  to   space 10752K, 0% used [0x00000000e4a80000,0x00000000e4a80000,0x00000000e5500000)
 ParOldGen       total 175104K, used 16K [0x00000000a0000000, 0x00000000aab00000, 0x00000000e0000000)
  object space 175104K, 0% used [0x00000000a0000000,0x00000000a0004000,0x00000000aab00000)
 Metaspace       used 13837K, capacity 14240K, committed 14336K, reserved 1060864K
  class space    used 1909K, capacity 2034K, committed 2048K, reserved 1048576K
Event: 1.797 GC heap after
Heap after GC invocations=2 (full 0):
 PSYoungGen      total 76288K, used 9162K [0x00000000e0000000, 0x00000000e5500000, 0x0000000100000000)
  eden space 65536K, 0% used [0x00000000e0000000,0x00000000e0000000,0x00000000e4000000)
  from space 10752K, 85% used [0x00000000e4a80000,0x00000000e5372bd0,0x00000000e5500000)
  to   space 10752K, 0% used [0x00000000e4000000,0x00000000e4000000,0x00000000e4a80000)
 ParOldGen       total 175104K, used 24K [0x00000000a0000000, 0x00000000aab00000, 0x00000000e0000000)
  object space 175104K, 0% used [0x00000000a0000000,0x00000000a0006000,0x00000000aab00000)
 Metaspace       used 13837K, capacity 14240K, committed 14336K, reserved 1060864K
  class space    used 1909K, capacity 2034K, committed 2048K, reserved 1048576K
}
Event: 2.215 GC heap before
{Heap before GC invocations=3 (full 0):
 PSYoungGen      total 76288K, used 74698K [0x00000000e0000000, 0x00000000e5500000, 0x0000000100000000)
  eden space 65536K, 100% used [0x00000000e0000000,0x00000000e4000000,0x00000000e4000000)
  from space 10752K, 85% used [0x00000000e4a80000,0x00000000e5372bd0,0x00000000e5500000)
  to   space 10752K, 0% used [0x00000000e4000000,0x00000000e4000000,0x00000000e4a80000)
 ParOldGen       total 175104K, used 24K [0x00000000a0000000, 0x00000000aab00000, 0x00000000e0000000)
  object space 175104K, 0% used [0x00000000a0000000,0x00000000a0006000,0x00000000aab00000)
 Metaspace       used 19007K, capacity 19594K, committed 19840K, reserved 1067008K
  class space    used 2694K, capacity 2867K, committed 2944K, reserved 1048576K

Deoptimization events (10 events):
Event: 1.841 Thread 0x000000001b9d7000 Uncommon trap: reason=unstable_if action=reinterpret pc=0x0000000002a1e330 method=java.lang.String.substring(I)Ljava/lang/String; @ 35
Event: 2.007 Thread 0x000000001b9d7000 Uncommon trap: reason=unstable_if action=reinterpret pc=0x0000000002a1e870 method=java.util.LinkedHashMap.afterNodeInsertion(Z)V @ 1
Event: 2.008 Thread 0x000000001b9d7000 Uncommon trap: reason=unstable_if action=reinterpret pc=0x00000000029857c4 method=java.util.HashMap.getNode(ILjava/lang/Object;)Ljava/util/HashMap$Node; @ 129
Event: 2.008 Thread 0x000000001b9d7000 Uncommon trap: reason=bimorphic action=maybe_recompile pc=0x0000000002bd07d4 method=java.util.HashMap.putVal(ILjava/lang/Object;Ljava/lang/Object;ZZ)Ljava/lang/Object; @ 203
Event: 2.008 Thread 0x000000001b9d7000 Uncommon trap: reason=unstable_if action=reinterpret pc=0x00000000029733c4 method=java.util.HashMap.getNode(ILjava/lang/Object;)Ljava/util/HashMap$Node; @ 129
Event: 2.008 Thread 0x000000001b9d7000 Uncommon trap: reason=bimorphic action=maybe_recompile pc=0x0000000002bd07d4 method=java.util.HashMap.putVal(ILjava/lang/Object;Ljava/lang/Object;ZZ)Ljava/lang/Object; @ 203
Event: 2.082 Thread 0x000000001b9d7000 Uncommon trap: reason=unstable_if action=reinterpret pc=0x0000000002afd10c method=java.util.jar.Attributes$Name.isDigit(C)Z @ 3
Event: 2.182 Thread 0x000000001b9d7000 Uncommon trap: reason=unstable_if action=reinterpret pc=0x00000000028d98c8 method=java.net.URI.match(CJJ)Z @ 19
Event: 2.182 Thread 0x000000001b9d7000 Uncommon trap: reason=unstable_if action=reinterpret pc=0x00000000029c15f8 method=java.net.URI.match(CJJ)Z @ 19
Event: 2.182 Thread 0x000000001b9d7000 Uncommon trap: reason=unstable_if action=reinterpret pc=0x00000000028df648 method=java.net.URI.match(CJJ)Z @ 19

Classes redefined (0 events):
No events

Internal exceptions (10 events):
Event: 0.442 Thread 0x0000000002612800 Exception <a 'java/lang/ArrayIndexOutOfBoundsException'> (0x00000000e171a538) thrown at [C:\src\AOSP-openjdk-git\hotspot\src\share\vm\runtime\sharedRuntime.cpp, line 605]
Event: 0.443 Thread 0x0000000002612800 Exception <a 'java/lang/ArrayIndexOutOfBoundsException'> (0x00000000e172f5c0) thrown at [C:\src\AOSP-openjdk-git\hotspot\src\share\vm\runtime\sharedRuntime.cpp, line 605]
Event: 0.443 Thread 0x0000000002612800 Exception <a 'java/lang/ArrayIndexOutOfBoundsException'> (0x00000000e173e398) thrown at [C:\src\AOSP-openjdk-git\hotspot\src\share\vm\runtime\sharedRuntime.cpp, line 605]
Event: 0.443 Thread 0x0000000002612800 Exception <a 'java/lang/ArrayIndexOutOfBoundsException'> (0x00000000e17410c8) thrown at [C:\src\AOSP-openjdk-git\hotspot\src\share\vm\runtime\sharedRuntime.cpp, line 605]
Event: 1.585 Thread 0x0000000002612800 Exception <a 'java/io/IOException'> (0x00000000e2038080) thrown at [C:\src\AOSP-openjdk-git\hotspot\src\share\vm\prims\jni.cpp, line 710]
Event: 1.748 Thread 0x000000001b9d7000 Exception <a 'java/lang/NoSuchMethodError': java.lang.Object.lambda$static$0(Lorg/gradle/internal/state/ModelObject;)Ljava/lang/String;> (0x00000000e37d2090) thrown at [C:\src\AOSP-openjdk-git\hotspot\src\share\vm\interpreter\linkResolver.cpp, line 620]
Event: 1.872 Thread 0x000000001b9d7000 Exception <a 'java/lang/NoSuchMethodError': java.lang.Object.lambda$and$0(Ljava/util/function/Predicate;Ljava/lang/Object;)Z> (0x00000000e0880240) thrown at [C:\src\AOSP-openjdk-git\hotspot\src\share\vm\interpreter\linkResolver.cpp, line 620]
Event: 1.875 Thread 0x000000001b9d7000 Exception <a 'java/lang/IncompatibleClassChangeError': Found class java.lang.Object, but interface was expected> (0x00000000e0890668) thrown at [C:\src\AOSP-openjdk-git\hotspot\src\share\vm\interpreter\linkResolver.cpp, line 653]
Event: 1.876 Thread 0x000000001b9d7000 Exception <a 'java/lang/NoSuchMethodError': java.lang.Object.lambda$or$2(Ljava/util/function/Predicate;Ljava/lang/Object;)Z> (0x00000000e0895578) thrown at [C:\src\AOSP-openjdk-git\hotspot\src\share\vm\interpreter\linkResolver.cpp, line 620]
Event: 1.897 Thread 0x000000001b9d7000 Exception <a 'java/lang/NoSuchMethodError': java.lang.Object.lambda$comparing$77a9974f$1(Ljava/util/function/Function;Ljava/lang/Object;Ljava/lang/Object;)I> (0x00000000e0c336a8) thrown at [C:\src\AOSP-openjdk-git\hotspot\src\share\vm\interpreter\linkReso

Events (10 events):
Event: 2.213 loading class kotlin/reflect/jvm/internal/pcollections/IntTree done
Event: 2.213 loading class kotlin/reflect/jvm/internal/pcollections/ConsPStack
Event: 2.213 loading class kotlin/reflect/jvm/internal/pcollections/ConsPStack done
Event: 2.214 loading class kotlin/reflect/jvm/internal/KClassImpl
Event: 2.214 loading class kotlin/reflect/jvm/internal/KClassImpl done
Event: 2.214 loading class kotlin/reflect/jvm/internal/KClassifierImpl
Event: 2.214 loading class kotlin/reflect/jvm/internal/KClassifierImpl done
Event: 2.214 loading class kotlin/reflect/jvm/internal/impl/resolve/scopes/ResolutionScope
Event: 2.214 loading class kotlin/reflect/jvm/internal/impl/resolve/scopes/ResolutionScope done
Event: 2.215 Executing VM operation: ParallelGCFailedAllocation


Dynamic libraries:
0x00007ff71f9e0000 - 0x00007ff71fa11000 	C:\Program Files\Android\Android Studio\jre\bin\java.exe
0x00007ff8bdd30000 - 0x00007ff8bdf25000 	C:\Windows\SYSTEM32\ntdll.dll
0x00007ff8bc7d0000 - 0x00007ff8bc88e000 	C:\Windows\System32\KERNEL32.DLL
0x00007ff8bb880000 - 0x00007ff8bbb49000 	C:\Windows\System32\KERNELBASE.dll
0x00007ff8bdc30000 - 0x00007ff8bdcdc000 	C:\Windows\System32\ADVAPI32.dll
0x00007ff8bc5a0000 - 0x00007ff8bc63e000 	C:\Windows\System32\msvcrt.dll
0x00007ff8bd330000 - 0x00007ff8bd3cb000 	C:\Windows\System32\sechost.dll
0x00007ff8bc9c0000 - 0x00007ff8bcaea000 	C:\Windows\System32\RPCRT4.dll
0x00007ff8bcdd0000 - 0x00007ff8bcf71000 	C:\Windows\System32\USER32.dll
0x00007ff8bb600000 - 0x00007ff8bb622000 	C:\Windows\System32\win32u.dll
0x00007ff8bcb10000 - 0x00007ff8bcb3b000 	C:\Windows\System32\GDI32.dll
0x00007ff8bb770000 - 0x00007ff8bb87b000 	C:\Windows\System32\gdi32full.dll
0x00007ff8bbb50000 - 0x00007ff8bbbed000 	C:\Windows\System32\msvcp_win.dll
0x00007ff8bb4b0000 - 0x00007ff8bb5b0000 	C:\Windows\System32\ucrtbase.dll
0x00007ff89bd90000 - 0x00007ff89c02a000 	C:\Windows\WinSxS\amd64_microsoft.windows.common-controls_6595b64144ccf1df_6.0.19041.1110_none_60b5254171f9507e\COMCTL32.dll
0x00007ff8bcf80000 - 0x00007ff8bcfb0000 	C:\Windows\System32\IMM32.DLL
0x0000000065570000 - 0x0000000065642000 	C:\Program Files\Android\Android Studio\jre\jre\bin\msvcr100.dll
0x0000000064d20000 - 0x000000006556b000 	C:\Program Files\Android\Android Studio\jre\jre\bin\server\jvm.dll
0x00007ff8bdce0000 - 0x00007ff8bdce8000 	C:\Windows\System32\PSAPI.DLL
0x00007ff8af170000 - 0x00007ff8af197000 	C:\Windows\SYSTEM32\WINMM.dll
0x00007ff8b33b0000 - 0x00007ff8b33ba000 	C:\Windows\SYSTEM32\VERSION.dll
0x00007ff8b61a0000 - 0x00007ff8b61a9000 	C:\Windows\SYSTEM32\WSOCK32.dll
0x00007ff8bcd60000 - 0x00007ff8bcdcb000 	C:\Windows\System32\WS2_32.dll
0x00007ff8b53e0000 - 0x00007ff8b53ef000 	C:\Program Files\Android\Android Studio\jre\jre\bin\verify.dll
0x00007ff8aa940000 - 0x00007ff8aa969000 	C:\Program Files\Android\Android Studio\jre\jre\bin\java.dll
0x00007ff8ab9d0000 - 0x00007ff8ab9e6000 	C:\Program Files\Android\Android Studio\jre\jre\bin\zip.dll
0x00007ff8bbe60000 - 0x00007ff8bc59f000 	C:\Windows\System32\SHELL32.dll
0x00007ff8b9570000 - 0x00007ff8b9d00000 	C:\Windows\SYSTEM32\windows.storage.dll
0x00007ff8bd3d0000 - 0x00007ff8bd725000 	C:\Windows\System32\combase.dll
0x00007ff8baea0000 - 0x00007ff8baecc000 	C:\Windows\SYSTEM32\Wldp.dll
0x00007ff8bd280000 - 0x00007ff8bd32e000 	C:\Windows\System32\SHCORE.dll
0x00007ff8bc960000 - 0x00007ff8bc9b5000 	C:\Windows\System32\shlwapi.dll
0x00007ff8bb390000 - 0x00007ff8bb3af000 	C:\Windows\SYSTEM32\profapi.dll
0x00007ff8ab6a0000 - 0x00007ff8ab6ba000 	C:\Program Files\Android\Android Studio\jre\jre\bin\net.dll
0x00007ff8bac00000 - 0x00007ff8bac6a000 	C:\Windows\system32\mswsock.dll
0x00007ff8ab670000 - 0x00007ff8ab683000 	C:\Program Files\Android\Android Studio\jre\jre\bin\nio.dll
0x00007ff8a0b50000 - 0x00007ff8a0b76000 	C:\Users\Jacinto\.gradle\native\fdc75f09e3144964f2cf3f50f0aa648679c211496f362492102eb8c894070792\windows-amd64\native-platform.dll
0x00007ff87d7a0000 - 0x00007ff87d931000 	C:\Users\Jacinto\.gradle\native\12488b8bf47d2d4c9fbf2f6322a914ad602e24e48041cd04a747c6da556b65c4\windows-amd64\native-platform-file-events.dll
0x00007ff8b5000000 - 0x00007ff8b500d000 	C:\Program Files\Android\Android Studio\jre\jre\bin\management.dll
0x00007ff8badf0000 - 0x00007ff8bae08000 	C:\Windows\SYSTEM32\CRYPTSP.dll
0x00007ff8ba510000 - 0x00007ff8ba544000 	C:\Windows\system32\rsaenh.dll
0x00007ff8bbbf0000 - 0x00007ff8bbc17000 	C:\Windows\System32\bcrypt.dll
0x00007ff8bb310000 - 0x00007ff8bb33e000 	C:\Windows\SYSTEM32\USERENV.dll
0x00007ff8bb6e0000 - 0x00007ff8bb763000 	C:\Windows\System32\bcryptprimitives.dll
0x00007ff8bae10000 - 0x00007ff8bae1c000 	C:\Windows\SYSTEM32\CRYPTBASE.dll
0x00007ff8ba8a0000 - 0x00007ff8ba8db000 	C:\Windows\SYSTEM32\IPHLPAPI.DLL
0x00007ff8bc8f0000 - 0x00007ff8bc8f8000 	C:\Windows\System32\NSI.dll
0x00007ff8af590000 - 0x00007ff8af5a7000 	C:\Windows\SYSTEM32\dhcpcsvc6.DLL
0x00007ff8af570000 - 0x00007ff8af58d000 	C:\Windows\SYSTEM32\dhcpcsvc.DLL
0x00007ff8ba8f0000 - 0x00007ff8ba9bc000 	C:\Windows\SYSTEM32\DNSAPI.dll
0x00007ff8af5b0000 - 0x00007ff8af5bb000 	C:\Windows\SYSTEM32\WINNSI.DLL
0x00007ff8b3d00000 - 0x00007ff8b3ee4000 	C:\Windows\SYSTEM32\dbghelp.dll

VM Arguments:
jvm_args: -Xmx1536M -Dfile.encoding=windows-1252 -Duser.country=PH -Duser.language=en -Duser.variant 
java_command: org.gradle.launcher.daemon.bootstrap.GradleDaemon 6.7
java_class_path (initial): C:\Users\Jacinto\.gradle\wrapper\dists\gradle-6.7-all\cuy9mc7upwgwgeb72wkcrupxe\gradle-6.7\lib\gradle-launcher-6.7.jar
Launcher Type: SUN_STANDARD

Environment Variables:
JAVA_HOME=C:\Program Files\Android\Android Studio\jre
CLASSPATH=C:\Users\Jacinto\Downloads\mobile_store_management\android\\gradle\wrapper\gradle-wrapper.jar
PATH=C:\Program Files\Common Files\Oracle\Java\javapath;C:\Program Files (x86)\Common Files\Oracle\Java\javapath;C:\Windows\system32;C:\Windows;C:\Windows\System32\Wbem;C:\Windows\System32\WindowsPowerShell\v1.0\;C:\Windows\System32\OpenSSH\;C:\Program Files\Java\jdk-15.0.1\bin;C:\xampp\php;C:\ProgramData\ComposerSetup\bin;C:\Program Files\nodejs\;C:\Program Files\Java\jdk-15.0.1\bin;C:\Program Files\Java\jre1.8.0_271\bin;C:\Program Files\Microsoft SQL Server\Client SDK\ODBC\170\Tools\Binn\;C:\Program Files (x86)\Microsoft SQL Server\150\Tools\Binn\;C:\Program Files\Microsoft SQL Server\150\Tools\Binn\;C:\Program Files\Microsoft SQL Server\150\DTS\Binn\;C:\Program Files\Azure Data Studio\bin;C:\Program Files (x86)\Microsoft SQL Server\150\DTS\Binn\;C:\Program Files\Git\cmd;C:\Users\Jacinto\AppData\Local\Microsoft\WindowsApps;C:\Users\Jacinto\AppData\Local\Programs\Microsoft VS Code\bin;C:\ProgramData\Jacinto\GitHubDesktop\bin;C:\Users\Jacinto\AppData\Roaming\Composer\vendor\bin;C:\Users\Jacinto\AppData\Roaming\npm;C:\Users\Jacinto\AppData\Local\GitHubDesktop\bin;C:\src\flutter\bin;C:\Program Files\Java\jdk-15.0.1\bin;C:\Program Files\Java\jre1.8.0_271\bin;;C:\Program Files\Azure Data Studio\bin;C:\src\flutter\bin\mingit\cmd
USERNAME=Jacinto
OS=Windows_NT
PROCESSOR_IDENTIFIER=AMD64 Family 23 Model 8 Stepping 2, AuthenticAMD



---------------  S Y S T E M  ---------------

OS: Windows 10.0 , 64 bit Build 19041 (10.0.19041.1202)

CPU:total 12 (initial active 12) (12 cores per cpu, 1 threads per core) family 23 model 8 stepping 2, cmov, cx8, fxsr, mmx, sse, sse2, sse3, ssse3, sse4.1, sse4.2, popcnt, avx, avx2, aes, clmul, mmxext, 3dnowpref, lzcnt, sse4a, tsc, tscinvbit, tscinv, bmi1

Memory: 4k page, physical 16720612k(6311792k free), swap 25113512k(8985112k free)

vm_info: OpenJDK 64-Bit Server VM (25.242-b01) for windows-amd64 JRE (1.8.0_242-release-1644-b01), built by "builder" with MS VC++ 10.0 (VS2010)

time: Sat Oct 02 11:47:48 2021
timezone: China Standard Time
elapsed time: 2 seconds (0d 0h 0m 2s)

